src/api/services/messages.service.ts(73,13): error TS2353: Object literal may only specify known properties, and 'timestamp' does not exist in type 'MessageDto | PromiseLike<MessageDto>'.
src/api/services/messages.service.ts(80,9): error TS2554: Expected 5 arguments, but got 6.
src/App.tsx(54,9): error TS1117: An object literal cannot have multiple properties with the same name.
src/components/AdminModal.tsx(794,9): error TS2304: Cannot find name 'setUsers'.
src/components/AdminModal.tsx(796,9): error TS2304: Cannot find name 'setUsers'.
src/components/AdminModal.tsx(810,7): error TS2304: Cannot find name 'setUsers'.
src/components/ChatInput.tsx(85,14): error TS2345: Argument of type '{ action: string; api: string; payload: { message: string; timestamp: string; }; type: "success"; }' is not assignable to parameter of type 'Omit<DebugLog, "id" | "timestamp">'.
  Property 'category' is missing in type '{ action: string; api: string; payload: { message: string; timestamp: string; }; type: "success"; }' but required in type 'Omit<DebugLog, "id" | "timestamp">'.
src/components/ChatInput.tsx(143,12): error TS2345: Argument of type '{ action: string; api: string; payload: { id: string; title: string; date: string; }[]; type: "success"; }' is not assignable to parameter of type 'Omit<DebugLog, "id" | "timestamp">'.
  Property 'category' is missing in type '{ action: string; api: string; payload: { id: string; title: string; date: string; }[]; type: "success"; }' but required in type 'Omit<DebugLog, "id" | "timestamp">'.
src/components/ChatInput.tsx(161,12): error TS2345: Argument of type '{ action: string; api: string; payload: { id: string; title: string; type: string; }[]; type: "success"; }' is not assignable to parameter of type 'Omit<DebugLog, "id" | "timestamp">'.
  Property 'category' is missing in type '{ action: string; api: string; payload: { id: string; title: string; type: string; }[]; type: "success"; }' but required in type 'Omit<DebugLog, "id" | "timestamp">'.
src/components/ChatInput.tsx(179,12): error TS2345: Argument of type '{ action: string; api: string; payload: { id: string; title: string; size: string; }[]; type: "success"; }' is not assignable to parameter of type 'Omit<DebugLog, "id" | "timestamp">'.
  Property 'category' is missing in type '{ action: string; api: string; payload: { id: string; title: string; size: string; }[]; type: "success"; }' but required in type 'Omit<DebugLog, "id" | "timestamp">'.
src/components/ChatInput.tsx(197,12): error TS2345: Argument of type '{ action: string; api: string; payload: { id: string; title: string; date: string; }[]; type: "success"; }' is not assignable to parameter of type 'Omit<DebugLog, "id" | "timestamp">'.
  Property 'category' is missing in type '{ action: string; api: string; payload: { id: string; title: string; date: string; }[]; type: "success"; }' but required in type 'Omit<DebugLog, "id" | "timestamp">'.
src/components/ChatInput.tsx(209,12): error TS2345: Argument of type '{ action: string; api: string; payload: { noteId: string; }; type: "success"; }' is not assignable to parameter of type 'Omit<DebugLog, "id" | "timestamp">'.
  Property 'category' is missing in type '{ action: string; api: string; payload: { noteId: string; }; type: "success"; }' but required in type 'Omit<DebugLog, "id" | "timestamp">'.
src/components/ChatInput.tsx(222,12): error TS2345: Argument of type '{ action: string; api: string; payload: { knowledgeId: string; }; type: "success"; }' is not assignable to parameter of type 'Omit<DebugLog, "id" | "timestamp">'.
  Property 'category' is missing in type '{ action: string; api: string; payload: { knowledgeId: string; }; type: "success"; }' but required in type 'Omit<DebugLog, "id" | "timestamp">'.
src/components/ChatInput.tsx(235,12): error TS2345: Argument of type '{ action: string; api: string; payload: { fileId: string; }; type: "success"; }' is not assignable to parameter of type 'Omit<DebugLog, "id" | "timestamp">'.
  Property 'category' is missing in type '{ action: string; api: string; payload: { fileId: string; }; type: "success"; }' but required in type 'Omit<DebugLog, "id" | "timestamp">'.
src/components/ChatInput.tsx(248,12): error TS2345: Argument of type '{ action: string; api: string; payload: { chatId: string; }; type: "success"; }' is not assignable to parameter of type 'Omit<DebugLog, "id" | "timestamp">'.
  Property 'category' is missing in type '{ action: string; api: string; payload: { chatId: string; }; type: "success"; }' but required in type 'Omit<DebugLog, "id" | "timestamp">'.
src/components/ChatInput.tsx(273,14): error TS2345: Argument of type '{ action: string; api: string; payload: { url: string; }; type: "success"; }' is not assignable to parameter of type 'Omit<DebugLog, "id" | "timestamp">'.
  Property 'category' is missing in type '{ action: string; api: string; payload: { url: string; }; type: "success"; }' but required in type 'Omit<DebugLog, "id" | "timestamp">'.
src/components/ChatInput.tsx(328,14): error TS2345: Argument of type '{ action: string; api: string; payload: { fileCount: number; files: AttachedItem[]; }; type: "success"; }' is not assignable to parameter of type 'Omit<DebugLog, "id" | "timestamp">'.
  Property 'category' is missing in type '{ action: string; api: string; payload: { fileCount: number; files: AttachedItem[]; }; type: "success"; }' but required in type 'Omit<DebugLog, "id" | "timestamp">'.
src/components/FilesModal.tsx(50,14): error TS2345: Argument of type '{ action: string; api: string; payload: any[]; type: "success"; }' is not assignable to parameter of type 'Omit<DebugLog, "id" | "timestamp">'.
  Property 'category' is missing in type '{ action: string; api: string; payload: any[]; type: "success"; }' but required in type 'Omit<DebugLog, "id" | "timestamp">'.
src/components/KnowledgeModal.tsx(216,12): error TS2345: Argument of type '{ action: string; api: string; payload: KnowledgeItem[]; type: "success"; }' is not assignable to parameter of type 'Omit<DebugLog, "id" | "timestamp">'.
  Property 'category' is missing in type '{ action: string; api: string; payload: KnowledgeItem[]; type: "success"; }' but required in type 'Omit<DebugLog, "id" | "timestamp">'.
src/components/ModelEditDialog.tsx(27,32): error TS2307: Cannot find module '../api/attachments' or its corresponding type declarations.
src/components/NotesModal.tsx(11,26): error TS2307: Cannot find module '../api/notes' or its corresponding type declarations.
src/components/NotesModal.tsx(53,14): error TS2345: Argument of type '{ action: string; api: any; payload: any; type: "success"; }' is not assignable to parameter of type 'Omit<DebugLog, "id" | "timestamp">'.
  Property 'category' is missing in type '{ action: string; api: any; payload: any; type: "success"; }' but required in type 'Omit<DebugLog, "id" | "timestamp">'.
src/context/AuthContext.tsx(22,5): error TS2353: Object literal may only specify known properties, and 'permissions' does not exist in type 'User | (() => User)'.
src/hooks/useChat.ts(106,24): error TS2339: Property 'timestamp' does not exist on type 'MessageDto'.
src/hooks/useChat.ts(107,20): error TS2339: Property 'metadata' does not exist on type 'MessageDto'.
src/hooks/useChat.ts(108,25): error TS2339: Property 'metadata' does not exist on type 'MessageDto'.
src/hooks/useChat.ts(109,19): error TS2339: Property 'metadata' does not exist on type 'MessageDto'.
src/hooks/useChat.ts(110,26): error TS2339: Property 'attachments' does not exist on type 'MessageDto'.
src/hooks/useChat.ts(111,32): error TS2339: Property 'structuredContent' does not exist on type 'MessageDto'.
src/hooks/useChat.ts(363,32): error TS2339: Property 'timestamp' does not exist on type 'MessageDto'.
src/hooks/useChat.ts(364,28): error TS2339: Property 'metadata' does not exist on type 'MessageDto'.
src/hooks/useChat.ts(365,33): error TS2339: Property 'metadata' does not exist on type 'MessageDto'.
src/hooks/useChat.ts(366,27): error TS2339: Property 'metadata' does not exist on type 'MessageDto'.
src/hooks/useWorkspaces.ts(47,11): error TS2353: Object literal may only specify known properties, and 'conversationCount' does not exist in type 'WorkspaceDto'.
src/hooks/useWorkspaces.ts(58,11): error TS2353: Object literal may only specify known properties, and 'conversationCount' does not exist in type 'WorkspaceDto'.
src/hooks/useWorkspaces.ts(69,11): error TS2353: Object literal may only specify known properties, and 'conversationCount' does not exist in type 'WorkspaceDto'.
src/hooks/useWorkspaces.ts(80,11): error TS2353: Object literal may only specify known properties, and 'conversationCount' does not exist in type 'WorkspaceDto'.
src/hooks/useWorkspaces.ts(130,9): error TS2353: Object literal may only specify known properties, and 'conversationCount' does not exist in type 'WorkspaceDto'.
src/hooks/useWorkspaces.ts(281,11): error TS2353: Object literal may only specify known properties, and 'conversationCount' does not exist in type 'WorkspaceDto'.
